<?xml version="1.0" encoding="utf-8"?><testsuites name="pytest tests"><testsuite name="pytest" errors="0" failures="0" skipped="0" tests="15" time="3.029" timestamp="2026-07-27T03:11:34.909618+00:00" hostname="agent-env-eb98985e-d73f-4c9f-8ec2-ea4632c5131c"><testcase classname="tests.test_auto_pause.TestAdminManualPause" name="test_admin_manual_pause_sets_reason" time="1.586" /><testcase classname="tests.test_auto_pause.TestAutoPause" name="test_proctor_event_returns_risk_and_auto_paused_flag" time="1.530" /><testcase classname="tests.test_auto_pause.TestAutoPause" name="test_cumulative_events_trigger_auto_pause" time="0.148" /><testcase classname="tests.test_auto_pause.TestAdminManualPause" name="test_admin_manual_unpause" time="0.135" /><testcase classname="tests.test_auto_pause.TestAutoPause" name="test_paper_reports_paused_true_with_auto_reason" time="0.044" /><testcase classname="tests.test_auto_pause.TestAutoPause" name="test_submit_blocked_with_423_while_paused" time="0.047" /><testcase classname="tests.test_auto_pause.TestAdminManualPause" name="test_pause_unknown_candidate_returns_404" time="0.047" /><testcase classname="tests.test_auto_pause.TestAutoPause" name="test_admin_events_list_shows_paused_true_submitted_false" time="0.050" /><testcase classname="tests.test_auto_pause.TestAdminManualPause" name="test_pause_unknown_exam_returns_404" time="0.184" /><testcase classname="tests.test_auto_pause.TestAutoPause" name="test_non_admin_pause_forbidden" time="0.045" /><testcase classname="tests.test_auto_pause.TestAutoPause" name="test_non_admin_unpause_forbidden" time="0.043" /><testcase classname="tests.test_auto_pause.TestAutoPause" name="test_admin_unpause_allows_submit" time="0.137" /><testcase classname="tests.test_auto_pause.TestRegression" name="test_login" time="0.343" /><testcase classname="tests.test_auto_pause.TestAutoPause" name="test_admin_events_after_submit_shows_submitted_true" time="0.343" /><testcase classname="tests.test_auto_pause.TestRegression" name="test_analytics_dashboard" time="0.089" /></testsuite></testsuites>