<?xml version="1.0" encoding="utf-8"?><testsuites name="pytest tests"><testsuite name="pytest" errors="0" failures="0" skipped="0" tests="23" time="13.170" timestamp="2026-07-27T01:47:14.203526+00:00" hostname="agent-env-eb98985e-d73f-4c9f-8ec2-ea4632c5131c"><testcase classname="tests.backend_test.TestHealthAndAuth" name="test_health" time="0.275" /><testcase classname="tests.backend_test.TestHealthAndAuth" name="test_admin_login_and_me" time="0.601" /><testcase classname="tests.backend_test.TestExamE2E" name="test_candidate_cannot_create_blueprint" time="0.776" /><testcase classname="tests.backend_test.TestHealthAndAuth" name="test_student_login_and_me" time="0.591" /><testcase classname="tests.backend_test.TestExamE2E" name="test_admin_creates_blueprint" time="0.704" /><testcase classname="tests.backend_test.TestHealthAndAuth" name="test_me_without_token" time="0.113" /><testcase classname="tests.backend_test.TestExamE2E" name="test_admin_creates_live_exam" time="0.443" /><testcase classname="tests.backend_test.TestHealthAndAuth" name="test_register_new_candidate" time="0.433" /><testcase classname="tests.backend_test.TestExamE2E" name="test_future_exam_join_returns_400" time="0.439" /><testcase classname="tests.backend_test.TestQuestions" name="test_meta" time="0.448" /><testcase classname="tests.backend_test.TestExamE2E" name="test_candidate_joins_and_paper_forge" time="0.115" /><testcase classname="tests.backend_test.TestExamE2E" name="test_join_is_idempotent" time="0.317" /><testcase classname="tests.backend_test.TestQuestions" name="test_seed_forbidden_for_candidate" time="0.435" /><testcase classname="tests.backend_test.TestExamE2E" name="test_get_paper_hides_answers" time="0.140" /><testcase classname="tests.backend_test.TestQuestions" name="test_filter_questions" time="0.099" /><testcase classname="tests.backend_test.TestExamE2E" name="test_submit_scores_correctly" time="0.113" /><testcase classname="tests.backend_test.TestQuestions" name="test_ai_generate" time="9.438" /><testcase classname="tests.backend_test.TestExamE2E" name="test_second_submit_fails" time="0.469" /><testcase classname="tests.backend_test.TestExamE2E" name="test_result_reveals_keys" time="0.132" /><testcase classname="tests.backend_test.TestExamE2E" name="test_monitor" time="0.105" /><testcase classname="tests.backend_test.TestExamE2E" name="test_monitor_forbidden_for_candidate" time="0.111" /><testcase classname="tests.backend_test.TestExamE2E" name="test_analytics_dashboard" time="0.105" /><testcase classname="tests.backend_test.TestExamE2E" name="test_analytics_forbidden_for_candidate" time="0.995" /></testsuite></testsuites>